<?xml version="1.0" encoding="UTF-8"?>
<!-- Generated by org.testng.reporters.JUnitXMLReporter -->
<testsuite ignored="0" hostname="LAPTOP-9TH27PRK" failures="0" tests="1" name="Test" time="0.049" errors="0" timestamp="2023-03-22T19:32:52 IST">
  <testcase classname="TestBase.BaseClass" name="@BeforeClass setup" time="-1.679493772214E9">
    <failure type="org.testng.TestNGException" message="
Parameter &amp;apos;browser&amp;apos; is required by BeforeClass on method setup but has not been marked @Optional or defined
in C:\Users\riyag\eclipse-workspace\nopCommerce\testng.xml">
      <![CDATA[org.testng.TestNGException: 
Parameter 'browser' is required by BeforeClass on method setup but has not been marked @Optional or defined
in C:\Users\riyag\eclipse-workspace\nopCommerce\testng.xml
at java.base/java.util.ArrayList.forEach(ArrayList.java:1511)
... Removed 22 stack frames]]>
    </failure>
  </testcase> <!-- @BeforeClass setup -->
  <testcase classname="TestBase.BaseClass" name="@AfterClass tearDown" time="0.0">
    <skipped/>
  </testcase> <!-- @AfterClass tearDown -->
  <testcase classname="TestCases.TC_01_AccountRegistrationTest" name="test_account_registration" time="0.001">
    <skipped/>
  </testcase> <!-- test_account_registration -->
</testsuite> <!-- Test -->
